<?xml version="1.0" encoding="UTF-8"?>
<!-- Generated by org.testng.reporters.JUnitReportReporter -->
<testsuite hostname="DESKTOP-MAK1GAA" failures="0" tests="1" name="FlyAwayTestcases.LoginPageTest" time="0.844" errors="0" timestamp="2023-08-14T11:47:53 IST" skipped="0">
  <testcase classname="FlyAwayTestcases.LoginPageTest" name="loginTest" time="0.844"/>
  <system-out/>
</testsuite> <!-- FlyAwayTestcases.LoginPageTest -->
