<?xml version="1.0" encoding="UTF-8"?>
<!-- Generated by org.testng.reporters.JUnitReportReporter -->
<testsuite hostname="DESKTOP-MAK1GAA" failures="0" tests="1" name="restassured.booking_confirmation" time="3.042" errors="0" timestamp="2023-08-21T23:10:08 IST" skipped="0">
  <testcase classname="restassured.booking_confirmation" name="Flyaway_booking" time="3.042"/>
  <system-out/>
</testsuite> <!-- restassured.booking_confirmation -->
