<?xml version="1.0" encoding="UTF-8"?>
<!-- Generated by org.testng.reporters.JUnitReportReporter -->
<testsuite hostname="DESKTOP-MAK1GAA" failures="0" tests="1" name="FlyAwayTestcases.FlightBookTest" time="2.221" errors="0" timestamp="2023-08-14T13:53:14 IST" skipped="0">
  <testcase classname="FlyAwayTestcases.FlightBookTest" name="flightBookingTest" time="2.221"/>
  <system-out/>
</testsuite> <!-- FlyAwayTestcases.FlightBookTest -->
