<?xml version="1.0" encoding="UTF-8"?>
<!-- Generated by org.testng.reporters.JUnitReportReporter -->
<testsuite hostname="DESKTOP-MAK1GAA" failures="0" tests="1" name="restassured.flight_booking$flyaway_flightbooking" time="1.848" errors="0" timestamp="2023-08-21T23:17:48 IST" skipped="0">
  <testcase classname="restassured.flight_booking$flyaway_flightbooking" name="Flyaway_booking" time="1.848"/>
  <system-out/>
</testsuite> <!-- restassured.flight_booking$flyaway_flightbooking -->
