<?xml version="1.0" encoding="UTF-8"?>
<!-- Generated by org.testng.reporters.JUnitReportReporter -->
<testsuite hostname="DESKTOP-MAK1GAA" failures="0" tests="1" name="FlyAwayTestcases.SignUpPageTest" time="2.796" errors="0" timestamp="2023-08-14T13:50:12 IST" skipped="0">
  <testcase classname="FlyAwayTestcases.SignUpPageTest" name="signUpTest" time="2.796"/>
  <system-out/>
</testsuite> <!-- FlyAwayTestcases.SignUpPageTest -->
